# JRE version: OpenJDK Runtime Environment Temurin-17.0.3+7 (17.0.3+7) (build 17.0.3+7)
# Java VM: OpenJDK 64-Bit Server VM Temurin-17.0.3+7 (17.0.3+7, mixed mode, tiered, compressed oops, compressed class ptrs, g1 gc, windows-amd64)
GC Precious Log:
 CPUs: 8 total, 8 available
 Memory: 3732M
 Large Page Support: Disabled
 NUMA Support: Disabled
 Compressed Oops: Enabled (32-bit)
 Heap Region Size: 1M
 Heap Min Capacity: 8M
 Heap Initial Capacity: 60M
 Heap Max Capacity: 934M
 Pre-touch: Disabled
 Parallel Workers: 8
 Concurrent Workers: 2
 Concurrent Refinement Workers: 8
 Periodic GC: Disabled
Heap:
 garbage-first heap   total 75776K, used 52686K [0x00000000c5a00000, 0x0000000100000000)
  region size 1024K, 13 young (13312K), 1 survivors (1024K)
 Metaspace       used 84423K, committed 84864K, reserved 1130496K
  class space    used 10863K, committed 11072K, reserved 1048576K
GC Heap History (20 events):
Event: 8.488 GC heap before
{Heap before GC invocations=13 (full 0):
 garbage-first heap   total 71680K, used 54062K [0x00000000c5a00000, 0x0000000100000000)
  region size 1024K, 34 young (34816K), 5 survivors (5120K)
 Metaspace       used 57079K, committed 57408K, reserved 1105920K
  class space    used 7293K, committed 7488K, reserved 1048576K
}
Event: 8.498 GC heap after
{Heap after GC invocations=14 (full 0):
 garbage-first heap   total 71680K, used 26473K [0x00000000c5a00000, 0x0000000100000000)
  region size 1024K, 2 young (2048K), 2 survivors (2048K)
 Metaspace       used 57079K, committed 57408K, reserved 1105920K
  class space    used 7293K, committed 7488K, reserved 1048576K
}
Event: 9.043 GC heap before
{Heap before GC invocations=14 (full 0):
 garbage-first heap   total 71680K, used 44905K [0x00000000c5a00000, 0x0000000100000000)
  region size 1024K, 21 young (21504K), 2 survivors (2048K)
 Metaspace       used 59912K, committed 60288K, reserved 1105920K
  class space    used 7683K, committed 7872K, reserved 1048576K
}
Event: 9.047 GC heap after
{Heap after GC invocations=15 (full 0):
 garbage-first heap   total 71680K, used 27497K [0x00000000c5a00000, 0x0000000100000000)
  region size 1024K, 3 young (3072K), 3 survivors (3072K)
 Metaspace       used 59912K, committed 60288K, reserved 1105920K
  class space    used 7683K, committed 7872K, reserved 1048576K
}
Event: 9.723 GC heap before
{Heap before GC invocations=16 (full 0):
 garbage-first heap   total 71680K, used 55145K [0x00000000c5a00000, 0x0000000100000000)
  region size 1024K, 30 young (30720K), 3 survivors (3072K)
 Metaspace       used 64233K, committed 64640K, reserved 1105920K
  class space    used 8219K, committed 8384K, reserved 1048576K
}
Event: 9.728 GC heap after
{Heap after GC invocations=17 (full 0):
 garbage-first heap   total 71680K, used 30352K [0x00000000c5a00000, 0x0000000100000000)
  region size 1024K, 4 young (4096K), 4 survivors (4096K)
 Metaspace       used 64233K, committed 64640K, reserved 1105920K
  class space    used 8219K, committed 8384K, reserved 1048576K
}
Event: 10.479 GC heap before
{Heap before GC invocations=17 (full 0):
 garbage-first heap   total 71680K, used 54928K [0x00000000c5a00000, 0x0000000100000000)
  region size 1024K, 28 young (28672K), 4 survivors (4096K)
 Metaspace       used 68520K, committed 68928K, reserved 1114112K
  class space    used 8778K, committed 8960K, reserved 1048576K
}
Event: 10.486 GC heap after
{Heap after GC invocations=18 (full 0):
 garbage-first heap   total 71680K, used 32672K [0x00000000c5a00000, 0x0000000100000000)
  region size 1024K, 3 young (3072K), 3 survivors (3072K)
 Metaspace       used 68520K, committed 68928K, reserved 1114112K
  class space    used 8778K, committed 8960K, reserved 1048576K
}
Event: 11.089 GC heap before
{Heap before GC invocations=18 (full 0):
 garbage-first heap   total 71680K, used 55200K [0x00000000c5a00000, 0x0000000100000000)
  region size 1024K, 25 young (25600K), 3 survivors (3072K)
 Metaspace       used 71533K, committed 71936K, reserved 1114112K
  class space    used 9207K, committed 9408K, reserved 1048576K
}
Event: 11.094 GC heap after
{Heap after GC invocations=19 (full 0):
 garbage-first heap   total 71680K, used 34632K [0x00000000c5a00000, 0x0000000100000000)
  region size 1024K, 3 young (3072K), 3 survivors (3072K)
 Metaspace       used 71533K, committed 71936K, reserved 1114112K
  class space    used 9207K, committed 9408K, reserved 1048576K
}
Event: 11.713 GC heap before
{Heap before GC invocations=19 (full 0):
 garbage-first heap   total 71680K, used 56136K [0x00000000c5a00000, 0x0000000100000000)
  region size 1024K, 24 young (24576K), 3 survivors (3072K)
 Metaspace       used 72914K, committed 73280K, reserved 1114112K
  class space    used 9410K, committed 9600K, reserved 1048576K
}
Event: 11.718 GC heap after
{Heap after GC invocations=20 (full 0):
 garbage-first heap   total 71680K, used 36386K [0x00000000c5a00000, 0x0000000100000000)
  region size 1024K, 2 young (2048K), 2 survivors (2048K)
 Metaspace       used 72914K, committed 73280K, reserved 1114112K
  class space    used 9410K, committed 9600K, reserved 1048576K
}
Event: 12.470 GC heap before
{Heap before GC invocations=21 (full 0):
 garbage-first heap   total 71680K, used 56866K [0x00000000c5a00000, 0x0000000100000000)
  region size 1024K, 22 young (22528K), 2 survivors (2048K)
 Metaspace       used 77454K, committed 77888K, reserved 1122304K
  class space    used 10077K, committed 10240K, reserved 1048576K
}
Event: 12.477 GC heap after
{Heap after GC invocations=22 (full 0):
 garbage-first heap   total 71680K, used 39073K [0x00000000c5a00000, 0x0000000100000000)
  region size 1024K, 3 young (3072K), 3 survivors (3072K)
 Metaspace       used 77454K, committed 77888K, reserved 1122304K
  class space    used 10077K, committed 10240K, reserved 1048576K
}
Event: 16.989 GC heap before
{Heap before GC invocations=22 (full 0):
 garbage-first heap   total 71680K, used 56481K [0x00000000c5a00000, 0x0000000100000000)
  region size 1024K, 20 young (20480K), 3 survivors (3072K)
 Metaspace       used 81217K, committed 81664K, reserved 1122304K
  class space    used 10545K, committed 10752K, reserved 1048576K
}
Event: 16.994 GC heap after
{Heap after GC invocations=23 (full 0):
 garbage-first heap   total 71680K, used 40397K [0x00000000c5a00000, 0x0000000100000000)
  region size 1024K, 2 young (2048K), 2 survivors (2048K)
 Metaspace       used 81217K, committed 81664K, reserved 1122304K
  class space    used 10545K, committed 10752K, reserved 1048576K
}
Event: 823.095 GC heap before
{Heap before GC invocations=24 (full 0):
 garbage-first heap   total 75776K, used 55757K [0x00000000c5a00000, 0x0000000100000000)
  region size 1024K, 18 young (18432K), 2 survivors (2048K)
 Metaspace       used 83890K, committed 84352K, reserved 1122304K
  class space    used 10859K, committed 11072K, reserved 1048576K
}
Event: 823.134 GC heap after
{Heap after GC invocations=25 (full 0):
 garbage-first heap   total 75776K, used 41408K [0x00000000c5a00000, 0x0000000100000000)
  region size 1024K, 3 young (3072K), 3 survivors (3072K)
 Metaspace       used 83890K, committed 84352K, reserved 1122304K
  class space    used 10859K, committed 11072K, reserved 1048576K
}
Event: 1123.274 GC heap before
{Heap before GC invocations=25 (full 0):
 garbage-first heap   total 75776K, used 42432K [0x00000000c5a00000, 0x0000000100000000)
  region size 1024K, 4 young (4096K), 3 survivors (3072K)
 Metaspace       used 83939K, committed 84352K, reserved 1122304K
  class space    used 10859K, committed 11072K, reserved 1048576K
}
Event: 1123.288 GC heap after
{Heap after GC invocations=26 (full 0):
 garbage-first heap   total 75776K, used 41422K [0x00000000c5a00000, 0x0000000100000000)
  region size 1024K, 1 young (1024K), 1 survivors (1024K)
 Metaspace       used 83939K, committed 84352K, reserved 1122304K
  class space    used 10859K, committed 11072K, reserved 1048576K
}

