# JRE version: OpenJDK Runtime Environment Temurin-17.0.3+7 (17.0.3+7) (build 17.0.3+7)
# Java VM: OpenJDK 64-Bit Server VM Temurin-17.0.3+7 (17.0.3+7, mixed mode, tiered, compressed oops, compressed class ptrs, g1 gc, windows-amd64)
GC Precious Log:
 CPUs: 8 total, 8 available
 Memory: 3732M
 Large Page Support: Disabled
 NUMA Support: Disabled
 Compressed Oops: Enabled (32-bit)
 Heap Region Size: 1M
 Heap Min Capacity: 8M
 Heap Initial Capacity: 60M
 Heap Max Capacity: 934M
 Pre-touch: Disabled
 Parallel Workers: 8
 Concurrent Workers: 2
 Concurrent Refinement Workers: 8
 Periodic GC: Disabled
Heap:
 garbage-first heap   total 71680K, used 46659K [0x00000000c5a00000, 0x0000000100000000)
  region size 1024K, 9 young (9216K), 2 survivors (2048K)
 Metaspace       used 82291K, committed 82688K, reserved 1122304K
  class space    used 10664K, committed 10880K, reserved 1048576K
GC Heap History (20 events):
Event: 8.324 GC heap before
{Heap before GC invocations=12 (full 0):
 garbage-first heap   total 71680K, used 58936K [0x00000000c5a00000, 0x0000000100000000)
  region size 1024K, 42 young (43008K), 5 survivors (5120K)
 Metaspace       used 40764K, committed 41088K, reserved 1089536K
  class space    used 4894K, committed 5056K, reserved 1048576K
}
Event: 8.331 GC heap after
{Heap after GC invocations=13 (full 0):
 garbage-first heap   total 71680K, used 21717K [0x00000000c5a00000, 0x0000000100000000)
  region size 1024K, 6 young (6144K), 6 survivors (6144K)
 Metaspace       used 40764K, committed 41088K, reserved 1089536K
  class space    used 4894K, committed 5056K, reserved 1048576K
}
Event: 9.923 GC heap before
{Heap before GC invocations=13 (full 0):
 garbage-first heap   total 71680K, used 52437K [0x00000000c5a00000, 0x0000000100000000)
  region size 1024K, 36 young (36864K), 6 survivors (6144K)
 Metaspace       used 49696K, committed 49984K, reserved 1097728K
  class space    used 6165K, committed 6272K, reserved 1048576K
}
Event: 9.931 GC heap after
{Heap after GC invocations=14 (full 0):
 garbage-first heap   total 71680K, used 24784K [0x00000000c5a00000, 0x0000000100000000)
  region size 1024K, 4 young (4096K), 4 survivors (4096K)
 Metaspace       used 49696K, committed 49984K, reserved 1097728K
  class space    used 6165K, committed 6272K, reserved 1048576K
}
Event: 11.233 GC heap before
{Heap before GC invocations=14 (full 0):
 garbage-first heap   total 71680K, used 53456K [0x00000000c5a00000, 0x0000000100000000)
  region size 1024K, 32 young (32768K), 4 survivors (4096K)
 Metaspace       used 56647K, committed 57024K, reserved 1105920K
  class space    used 7238K, committed 7424K, reserved 1048576K
}
Event: 11.238 GC heap after
{Heap after GC invocations=15 (full 0):
 garbage-first heap   total 71680K, used 26060K [0x00000000c5a00000, 0x0000000100000000)
  region size 1024K, 2 young (2048K), 2 survivors (2048K)
 Metaspace       used 56647K, committed 57024K, reserved 1105920K
  class space    used 7238K, committed 7424K, reserved 1048576K
}
Event: 12.384 GC heap before
{Heap before GC invocations=15 (full 0):
 garbage-first heap   total 71680K, used 46540K [0x00000000c5a00000, 0x0000000100000000)
  region size 1024K, 23 young (23552K), 2 survivors (2048K)
 Metaspace       used 59813K, committed 60160K, reserved 1105920K
  class space    used 7663K, committed 7808K, reserved 1048576K
}
Event: 12.388 GC heap after
{Heap after GC invocations=16 (full 0):
 garbage-first heap   total 71680K, used 27413K [0x00000000c5a00000, 0x0000000100000000)
  region size 1024K, 3 young (3072K), 3 survivors (3072K)
 Metaspace       used 59813K, committed 60160K, reserved 1105920K
  class space    used 7663K, committed 7808K, reserved 1048576K
}
Event: 13.284 GC heap before
{Heap before GC invocations=17 (full 0):
 garbage-first heap   total 71680K, used 56085K [0x00000000c5a00000, 0x0000000100000000)
  region size 1024K, 31 young (31744K), 3 survivors (3072K)
 Metaspace       used 64240K, committed 64640K, reserved 1105920K
  class space    used 8215K, committed 8384K, reserved 1048576K
}
Event: 13.290 GC heap after
{Heap after GC invocations=18 (full 0):
 garbage-first heap   total 71680K, used 30365K [0x00000000c5a00000, 0x0000000100000000)
  region size 1024K, 4 young (4096K), 4 survivors (4096K)
 Metaspace       used 64240K, committed 64640K, reserved 1105920K
  class space    used 8215K, committed 8384K, reserved 1048576K
}
Event: 14.322 GC heap before
{Heap before GC invocations=18 (full 0):
 garbage-first heap   total 71680K, used 54941K [0x00000000c5a00000, 0x0000000100000000)
  region size 1024K, 29 young (29696K), 4 survivors (4096K)
 Metaspace       used 68622K, committed 68992K, reserved 1114112K
  class space    used 8786K, committed 8960K, reserved 1048576K
}
Event: 14.330 GC heap after
{Heap after GC invocations=19 (full 0):
 garbage-first heap   total 71680K, used 32445K [0x00000000c5a00000, 0x0000000100000000)
  region size 1024K, 3 young (3072K), 3 survivors (3072K)
 Metaspace       used 68622K, committed 68992K, reserved 1114112K
  class space    used 8786K, committed 8960K, reserved 1048576K
}
Event: 15.183 GC heap before
{Heap before GC invocations=19 (full 0):
 garbage-first heap   total 71680K, used 55997K [0x00000000c5a00000, 0x0000000100000000)
  region size 1024K, 26 young (26624K), 3 survivors (3072K)
 Metaspace       used 71737K, committed 72128K, reserved 1114112K
  class space    used 9242K, committed 9408K, reserved 1048576K
}
Event: 15.189 GC heap after
{Heap after GC invocations=20 (full 0):
 garbage-first heap   total 71680K, used 34847K [0x00000000c5a00000, 0x0000000100000000)
  region size 1024K, 3 young (3072K), 3 survivors (3072K)
 Metaspace       used 71737K, committed 72128K, reserved 1114112K
  class space    used 9242K, committed 9408K, reserved 1048576K
}
Event: 16.016 GC heap before
{Heap before GC invocations=20 (full 0):
 garbage-first heap   total 71680K, used 56351K [0x00000000c5a00000, 0x0000000100000000)
  region size 1024K, 24 young (24576K), 3 survivors (3072K)
 Metaspace       used 73086K, committed 73408K, reserved 1114112K
  class space    used 9445K, committed 9600K, reserved 1048576K
}
Event: 16.023 GC heap after
{Heap after GC invocations=21 (full 0):
 garbage-first heap   total 71680K, used 36693K [0x00000000c5a00000, 0x0000000100000000)
  region size 1024K, 2 young (2048K), 2 survivors (2048K)
 Metaspace       used 73086K, committed 73408K, reserved 1114112K
  class space    used 9445K, committed 9600K, reserved 1048576K
}
Event: 17.376 GC heap before
{Heap before GC invocations=22 (full 0):
 garbage-first heap   total 71680K, used 57173K [0x00000000c5a00000, 0x0000000100000000)
  region size 1024K, 22 young (22528K), 2 survivors (2048K)
 Metaspace       used 78001K, committed 78400K, reserved 1122304K
  class space    used 10134K, committed 10304K, reserved 1048576K
}
Event: 17.383 GC heap after
{Heap after GC invocations=23 (full 0):
 garbage-first heap   total 71680K, used 39287K [0x00000000c5a00000, 0x0000000100000000)
  region size 1024K, 3 young (3072K), 3 survivors (3072K)
 Metaspace       used 78001K, committed 78400K, reserved 1122304K
  class space    used 10134K, committed 10304K, reserved 1048576K
}
Event: 187.534 GC heap before
{Heap before GC invocations=23 (full 0):
 garbage-first heap   total 71680K, used 56695K [0x00000000c5a00000, 0x0000000100000000)
  region size 1024K, 20 young (20480K), 3 survivors (3072K)
 Metaspace       used 81501K, committed 81920K, reserved 1122304K
  class space    used 10574K, committed 10752K, reserved 1048576K
}
Event: 187.589 GC heap after
{Heap after GC invocations=24 (full 0):
 garbage-first heap   total 71680K, used 40515K [0x00000000c5a00000, 0x0000000100000000)
  region size 1024K, 2 young (2048K), 2 survivors (2048K)
 Metaspace       used 81501K, committed 81920K, reserved 1122304K
  class space    used 10574K, committed 10752K, reserved 1048576K
}

